2016-01-29 15:47:00,601 INFO [main] o.s.c.s.GenericApplicationContext [AbstractApplicationContext.java:513] Refreshing org.springframework.context.support.GenericApplicationContext@5433a329: startup date [Fri Jan 29 15:47:00 IST 2016]; root of context hierarchy
2016-01-29 15:47:01,112 INFO [main] o.s.c.s.PostProcessorRegistrationDelegate$BeanPostProcessorChecker [PostProcessorRegistrationDelegate.java:309] Bean 'org.springframework.scheduling.annotation.SchedulingConfiguration' of type [class org.springframework.scheduling.annotation.SchedulingConfiguration$$EnhancerByCGLIB$$87f1ce4] is not eligible for getting processed by all BeanPostProcessors (for example: not eligible for auto-proxying)
2016-01-29 15:47:01,425 INFO [main] o.s.o.j.LocalContainerEntityManagerFactoryBean [LocalContainerEntityManagerFactoryBean.java:314] Building JPA container EntityManagerFactory for persistence unit 'default'
2016-01-29 15:47:01,546 INFO [main] o.h.a.c.Version [Version.java:37] HCANN000001: Hibernate Commons Annotations {4.0.2.Final}
2016-01-29 15:47:01,551 INFO [main] o.h.Version [Version.java:41] HHH000412: Hibernate Core {4.2.6.Final}
2016-01-29 15:47:01,553 INFO [main] o.h.c.Environment [Environment.java:238] HHH000206: hibernate.properties not found
2016-01-29 15:47:01,555 INFO [main] o.h.c.Environment [Environment.java:345] HHH000021: Bytecode provider name : javassist
2016-01-29 15:47:01,575 INFO [main] o.h.e.Ejb3Configuration [Ejb3Configuration.java:529] HHH000204: Processing PersistenceUnitInfo [
	name: default
	...]
2016-01-29 15:47:01,673 INFO [main] o.h.s.j.c.i.ConnectionProviderInitiator [ConnectionProviderInitiator.java:188] HHH000130: Instantiating explicit connection provider: org.hibernate.ejb.connection.InjectedDataSourceConnectionProvider
2016-01-29 15:47:03,901 WARN [main] o.h.e.j.i.JdbcServicesImpl [JdbcServicesImpl.java:169] HHH000342: Could not obtain connection to query metadata : Cannot create PoolableConnectionFactory (Communications link failure

The last packet sent successfully to the server was 0 milliseconds ago. The driver has not received any packets from the server.)
2016-01-29 15:47:03,922 ERROR [main] o.s.t.c.TestContextManager [TestContextManager.java:329] Caught exception while allowing TestExecutionListener [org.springframework.test.context.support.DependencyInjectionTestExecutionListener@3c5be9bc] to prepare test instance [com.practise.springapp.UserServiceTest@364e5499]
java.lang.IllegalStateException: Failed to load ApplicationContext
	at org.springframework.test.context.CacheAwareContextLoaderDelegate.loadContext(CacheAwareContextLoaderDelegate.java:99) ~[spring-test-4.0.0.RELEASE.jar:4.0.0.RELEASE]
	at org.springframework.test.context.DefaultTestContext.getApplicationContext(DefaultTestContext.java:101) ~[spring-test-4.0.0.RELEASE.jar:4.0.0.RELEASE]
	at org.springframework.test.context.support.DependencyInjectionTestExecutionListener.injectDependencies(DependencyInjectionTestExecutionListener.java:109) ~[spring-test-4.0.0.RELEASE.jar:4.0.0.RELEASE]
	at org.springframework.test.context.support.DependencyInjectionTestExecutionListener.prepareTestInstance(DependencyInjectionTestExecutionListener.java:75) ~[spring-test-4.0.0.RELEASE.jar:4.0.0.RELEASE]
	at org.springframework.test.context.TestContextManager.prepareTestInstance(TestContextManager.java:326) ~[spring-test-4.0.0.RELEASE.jar:4.0.0.RELEASE]
	at org.springframework.test.context.junit4.SpringJUnit4ClassRunner.createTest(SpringJUnit4ClassRunner.java:212) ~[spring-test-4.0.0.RELEASE.jar:4.0.0.RELEASE]
	at org.springframework.test.context.junit4.SpringJUnit4ClassRunner$1.runReflectiveCall(SpringJUnit4ClassRunner.java:289) ~[spring-test-4.0.0.RELEASE.jar:4.0.0.RELEASE]
	at org.junit.internal.runners.model.ReflectiveCallable.run(ReflectiveCallable.java:12) ~[junit-4.11.jar:na]
	at org.springframework.test.context.junit4.SpringJUnit4ClassRunner.methodBlock(SpringJUnit4ClassRunner.java:291) ~[spring-test-4.0.0.RELEASE.jar:4.0.0.RELEASE]
	at org.springframework.test.context.junit4.SpringJUnit4ClassRunner.runChild(SpringJUnit4ClassRunner.java:232) ~[spring-test-4.0.0.RELEASE.jar:4.0.0.RELEASE]
	at org.springframework.test.context.junit4.SpringJUnit4ClassRunner.runChild(SpringJUnit4ClassRunner.java:89) ~[spring-test-4.0.0.RELEASE.jar:4.0.0.RELEASE]
	at org.junit.runners.ParentRunner$3.run(ParentRunner.java:238) ~[junit-4.11.jar:na]
	at org.junit.runners.ParentRunner$1.schedule(ParentRunner.java:63) ~[junit-4.11.jar:na]
	at org.junit.runners.ParentRunner.runChildren(ParentRunner.java:236) ~[junit-4.11.jar:na]
	at org.junit.runners.ParentRunner.access$000(ParentRunner.java:53) ~[junit-4.11.jar:na]
	at org.junit.runners.ParentRunner$2.evaluate(ParentRunner.java:229) ~[junit-4.11.jar:na]
	at org.springframework.test.context.junit4.statements.RunBeforeTestClassCallbacks.evaluate(RunBeforeTestClassCallbacks.java:61) ~[spring-test-4.0.0.RELEASE.jar:4.0.0.RELEASE]
	at org.springframework.test.context.junit4.statements.RunAfterTestClassCallbacks.evaluate(RunAfterTestClassCallbacks.java:71) ~[spring-test-4.0.0.RELEASE.jar:4.0.0.RELEASE]
	at org.junit.runners.ParentRunner.run(ParentRunner.java:309) ~[junit-4.11.jar:na]
	at org.springframework.test.context.junit4.SpringJUnit4ClassRunner.run(SpringJUnit4ClassRunner.java:175) ~[spring-test-4.0.0.RELEASE.jar:4.0.0.RELEASE]
	at org.apache.maven.surefire.junit4.JUnit4TestSet.execute(JUnit4TestSet.java:53) ~[na:na]
	at org.apache.maven.surefire.junit4.JUnit4Provider.executeTestSet(JUnit4Provider.java:123) ~[na:na]
	at org.apache.maven.surefire.junit4.JUnit4Provider.invoke(JUnit4Provider.java:104) ~[na:na]
	at sun.reflect.NativeMethodAccessorImpl.invoke0(Native Method) ~[na:1.7.0_25]
	at sun.reflect.NativeMethodAccessorImpl.invoke(Unknown Source) ~[na:1.7.0_25]
	at sun.reflect.DelegatingMethodAccessorImpl.invoke(Unknown Source) ~[na:1.7.0_25]
	at java.lang.reflect.Method.invoke(Unknown Source) ~[na:1.7.0_25]
	at org.apache.maven.surefire.util.ReflectionUtils.invokeMethodWithArray(ReflectionUtils.java:164) ~[surefire-api-2.10.jar:2.10]
	at org.apache.maven.surefire.booter.ProviderFactory$ProviderProxy.invoke(ProviderFactory.java:110) ~[surefire-booter-2.10.jar:2.10]
	at org.apache.maven.surefire.booter.SurefireStarter.invokeProvider(SurefireStarter.java:175) ~[surefire-booter-2.10.jar:2.10]
	at org.apache.maven.surefire.booter.SurefireStarter.runSuitesInProcessWhenForked(SurefireStarter.java:107) ~[surefire-booter-2.10.jar:2.10]
	at org.apache.maven.surefire.booter.ForkedBooter.main(ForkedBooter.java:68) ~[surefire-booter-2.10.jar:2.10]
Caused by: org.springframework.beans.factory.BeanCreationException: Error creating bean with name 'entityManagerFactory' defined in class path resource [com/practise/springapp/config/PersistenceConfig.class]: Instantiation of bean failed; nested exception is org.springframework.beans.factory.BeanDefinitionStoreException: Factory method [public org.springframework.orm.jpa.LocalContainerEntityManagerFactoryBean com.practise.springapp.config.PersistenceConfig.entityManagerFactory()] threw exception; nested exception is javax.persistence.PersistenceException: [PersistenceUnit: default] Unable to build EntityManagerFactory
	at org.springframework.beans.factory.support.ConstructorResolver.instantiateUsingFactoryMethod(ConstructorResolver.java:592) ~[spring-beans-4.0.0.RELEASE.jar:4.0.0.RELEASE]
	at org.springframework.beans.factory.support.AbstractAutowireCapableBeanFactory.instantiateUsingFactoryMethod(AbstractAutowireCapableBeanFactory.java:1094) ~[spring-beans-4.0.0.RELEASE.jar:4.0.0.RELEASE]
	at org.springframework.beans.factory.support.AbstractAutowireCapableBeanFactory.createBeanInstance(AbstractAutowireCapableBeanFactory.java:989) ~[spring-beans-4.0.0.RELEASE.jar:4.0.0.RELEASE]
	at org.springframework.beans.factory.support.AbstractAutowireCapableBeanFactory.doCreateBean(AbstractAutowireCapableBeanFactory.java:504) ~[spring-beans-4.0.0.RELEASE.jar:4.0.0.RELEASE]
	at org.springframework.beans.factory.support.AbstractAutowireCapableBeanFactory.createBean(AbstractAutowireCapableBeanFactory.java:475) ~[spring-beans-4.0.0.RELEASE.jar:4.0.0.RELEASE]
	at org.springframework.beans.factory.support.AbstractBeanFactory$1.getObject(AbstractBeanFactory.java:304) ~[spring-beans-4.0.0.RELEASE.jar:4.0.0.RELEASE]
	at org.springframework.beans.factory.support.DefaultSingletonBeanRegistry.getSingleton(DefaultSingletonBeanRegistry.java:228) ~[spring-beans-4.0.0.RELEASE.jar:4.0.0.RELEASE]
	at org.springframework.beans.factory.support.AbstractBeanFactory.doGetBean(AbstractBeanFactory.java:300) ~[spring-beans-4.0.0.RELEASE.jar:4.0.0.RELEASE]
	at org.springframework.beans.factory.support.AbstractBeanFactory.getBean(AbstractBeanFactory.java:195) ~[spring-beans-4.0.0.RELEASE.jar:4.0.0.RELEASE]
	at org.springframework.context.support.AbstractApplicationContext.getBean(AbstractApplicationContext.java:973) ~[spring-context-4.0.0.RELEASE.jar:4.0.0.RELEASE]
	at org.springframework.context.support.AbstractApplicationContext.finishBeanFactoryInitialization(AbstractApplicationContext.java:750) ~[spring-context-4.0.0.RELEASE.jar:4.0.0.RELEASE]
	at org.springframework.context.support.AbstractApplicationContext.refresh(AbstractApplicationContext.java:482) ~[spring-context-4.0.0.RELEASE.jar:4.0.0.RELEASE]
	at org.springframework.test.context.support.AbstractGenericContextLoader.loadContext(AbstractGenericContextLoader.java:121) ~[spring-test-4.0.0.RELEASE.jar:4.0.0.RELEASE]
	at org.springframework.test.context.support.AbstractGenericContextLoader.loadContext(AbstractGenericContextLoader.java:60) ~[spring-test-4.0.0.RELEASE.jar:4.0.0.RELEASE]
	at org.springframework.test.context.support.AbstractDelegatingSmartContextLoader.delegateLoading(AbstractDelegatingSmartContextLoader.java:100) ~[spring-test-4.0.0.RELEASE.jar:4.0.0.RELEASE]
	at org.springframework.test.context.support.AbstractDelegatingSmartContextLoader.loadContext(AbstractDelegatingSmartContextLoader.java:250) ~[spring-test-4.0.0.RELEASE.jar:4.0.0.RELEASE]
	at org.springframework.test.context.CacheAwareContextLoaderDelegate.loadContextInternal(CacheAwareContextLoaderDelegate.java:64) ~[spring-test-4.0.0.RELEASE.jar:4.0.0.RELEASE]
	at org.springframework.test.context.CacheAwareContextLoaderDelegate.loadContext(CacheAwareContextLoaderDelegate.java:91) ~[spring-test-4.0.0.RELEASE.jar:4.0.0.RELEASE]
	... 31 common frames omitted
Caused by: org.springframework.beans.factory.BeanDefinitionStoreException: Factory method [public org.springframework.orm.jpa.LocalContainerEntityManagerFactoryBean com.practise.springapp.config.PersistenceConfig.entityManagerFactory()] threw exception; nested exception is javax.persistence.PersistenceException: [PersistenceUnit: default] Unable to build EntityManagerFactory
	at org.springframework.beans.factory.support.SimpleInstantiationStrategy.instantiate(SimpleInstantiationStrategy.java:188) ~[spring-beans-4.0.0.RELEASE.jar:4.0.0.RELEASE]
	at org.springframework.beans.factory.support.ConstructorResolver.instantiateUsingFactoryMethod(ConstructorResolver.java:581) ~[spring-beans-4.0.0.RELEASE.jar:4.0.0.RELEASE]
	... 48 common frames omitted
Caused by: javax.persistence.PersistenceException: [PersistenceUnit: default] Unable to build EntityManagerFactory
	at org.hibernate.ejb.Ejb3Configuration.buildEntityManagerFactory(Ejb3Configuration.java:924) ~[hibernate-entitymanager-4.2.6.Final.jar:4.2.6.Final]
	at org.hibernate.ejb.Ejb3Configuration.buildEntityManagerFactory(Ejb3Configuration.java:899) ~[hibernate-entitymanager-4.2.6.Final.jar:4.2.6.Final]
	at org.hibernate.ejb.HibernatePersistence.createContainerEntityManagerFactory(HibernatePersistence.java:76) ~[hibernate-entitymanager-4.2.6.Final.jar:4.2.6.Final]
	at org.springframework.orm.jpa.LocalContainerEntityManagerFactoryBean.createNativeEntityManagerFactory(LocalContainerEntityManagerFactoryBean.java:318) ~[spring-orm-4.0.0.RELEASE.jar:4.0.0.RELEASE]
	at org.springframework.orm.jpa.AbstractEntityManagerFactoryBean.afterPropertiesSet(AbstractEntityManagerFactoryBean.java:318) ~[spring-orm-4.0.0.RELEASE.jar:4.0.0.RELEASE]
	at com.practise.springapp.config.PersistenceConfig.entityManagerFactory(PersistenceConfig.java:69) ~[classes/:na]
	at com.practise.springapp.config.PersistenceConfig$$EnhancerByCGLIB$$b5a68c93.CGLIB$entityManagerFactory$0(<generated>) ~[spring-core-4.0.0.RELEASE.jar:na]
	at com.practise.springapp.config.PersistenceConfig$$EnhancerByCGLIB$$b5a68c93$$FastClassByCGLIB$$ce48860e.invoke(<generated>) ~[spring-core-4.0.0.RELEASE.jar:na]
	at org.springframework.cglib.proxy.MethodProxy.invokeSuper(MethodProxy.java:228) ~[spring-core-4.0.0.RELEASE.jar:4.0.0.RELEASE]
	at org.springframework.context.annotation.ConfigurationClassEnhancer$BeanMethodInterceptor.intercept(ConfigurationClassEnhancer.java:326) ~[spring-context-4.0.0.RELEASE.jar:4.0.0.RELEASE]
	at com.practise.springapp.config.PersistenceConfig$$EnhancerByCGLIB$$b5a68c93.entityManagerFactory(<generated>) ~[spring-core-4.0.0.RELEASE.jar:na]
	at sun.reflect.NativeMethodAccessorImpl.invoke0(Native Method) ~[na:1.7.0_25]
	at sun.reflect.NativeMethodAccessorImpl.invoke(Unknown Source) ~[na:1.7.0_25]
	at sun.reflect.DelegatingMethodAccessorImpl.invoke(Unknown Source) ~[na:1.7.0_25]
	at java.lang.reflect.Method.invoke(Unknown Source) ~[na:1.7.0_25]
	at org.springframework.beans.factory.support.SimpleInstantiationStrategy.instantiate(SimpleInstantiationStrategy.java:166) ~[spring-beans-4.0.0.RELEASE.jar:4.0.0.RELEASE]
	... 49 common frames omitted
Caused by: org.hibernate.HibernateException: Connection cannot be null when 'hibernate.dialect' not set
	at org.hibernate.service.jdbc.dialect.internal.DialectFactoryImpl.determineDialect(DialectFactoryImpl.java:98) ~[hibernate-core-4.2.6.Final.jar:4.2.6.Final]
	at org.hibernate.service.jdbc.dialect.internal.DialectFactoryImpl.buildDialect(DialectFactoryImpl.java:68) ~[hibernate-core-4.2.6.Final.jar:4.2.6.Final]
	at org.hibernate.engine.jdbc.internal.JdbcServicesImpl.configure(JdbcServicesImpl.java:170) ~[hibernate-core-4.2.6.Final.jar:4.2.6.Final]
	at org.hibernate.service.internal.StandardServiceRegistryImpl.configureService(StandardServiceRegistryImpl.java:76) ~[hibernate-core-4.2.6.Final.jar:4.2.6.Final]
	at org.hibernate.service.internal.AbstractServiceRegistryImpl.initializeService(AbstractServiceRegistryImpl.java:160) ~[hibernate-core-4.2.6.Final.jar:4.2.6.Final]
	at org.hibernate.service.internal.AbstractServiceRegistryImpl.getService(AbstractServiceRegistryImpl.java:132) ~[hibernate-core-4.2.6.Final.jar:4.2.6.Final]
	at org.hibernate.cfg.Configuration.buildTypeRegistrations(Configuration.java:1818) ~[hibernate-core-4.2.6.Final.jar:4.2.6.Final]
	at org.hibernate.cfg.Configuration.buildSessionFactory(Configuration.java:1776) ~[hibernate-core-4.2.6.Final.jar:4.2.6.Final]
	at org.hibernate.ejb.EntityManagerFactoryImpl.<init>(EntityManagerFactoryImpl.java:96) ~[hibernate-entitymanager-4.2.6.Final.jar:4.2.6.Final]
	at org.hibernate.ejb.Ejb3Configuration.buildEntityManagerFactory(Ejb3Configuration.java:914) ~[hibernate-entitymanager-4.2.6.Final.jar:4.2.6.Final]
	... 64 common frames omitted
2016-01-29 15:47:03,952 INFO [main] o.s.c.s.GenericApplicationContext [AbstractApplicationContext.java:513] Refreshing org.springframework.context.support.GenericApplicationContext@20bf2e8: startup date [Fri Jan 29 15:47:03 IST 2016]; root of context hierarchy
2016-01-29 15:47:04,063 INFO [main] o.s.c.s.PostProcessorRegistrationDelegate$BeanPostProcessorChecker [PostProcessorRegistrationDelegate.java:309] Bean 'org.springframework.scheduling.annotation.SchedulingConfiguration' of type [class org.springframework.scheduling.annotation.SchedulingConfiguration$$EnhancerByCGLIB$$87f1ce4] is not eligible for getting processed by all BeanPostProcessors (for example: not eligible for auto-proxying)
2016-01-29 15:47:04,223 INFO [main] o.s.o.j.LocalContainerEntityManagerFactoryBean [LocalContainerEntityManagerFactoryBean.java:314] Building JPA container EntityManagerFactory for persistence unit 'default'
2016-01-29 15:47:04,224 INFO [main] o.h.e.Ejb3Configuration [Ejb3Configuration.java:529] HHH000204: Processing PersistenceUnitInfo [
	name: default
	...]
2016-01-29 15:47:04,227 INFO [main] o.h.s.j.c.i.ConnectionProviderInitiator [ConnectionProviderInitiator.java:188] HHH000130: Instantiating explicit connection provider: org.hibernate.ejb.connection.InjectedDataSourceConnectionProvider
2016-01-29 15:47:06,238 WARN [main] o.h.e.j.i.JdbcServicesImpl [JdbcServicesImpl.java:169] HHH000342: Could not obtain connection to query metadata : Cannot create PoolableConnectionFactory (Communications link failure

The last packet sent successfully to the server was 0 milliseconds ago. The driver has not received any packets from the server.)
2016-01-29 15:47:06,243 ERROR [main] o.s.t.c.TestContextManager [TestContextManager.java:329] Caught exception while allowing TestExecutionListener [org.springframework.test.context.support.DependencyInjectionTestExecutionListener@3c5be9bc] to prepare test instance [com.practise.springapp.UserServiceTest@51034198]
java.lang.IllegalStateException: Failed to load ApplicationContext
	at org.springframework.test.context.CacheAwareContextLoaderDelegate.loadContext(CacheAwareContextLoaderDelegate.java:99) ~[spring-test-4.0.0.RELEASE.jar:4.0.0.RELEASE]
	at org.springframework.test.context.DefaultTestContext.getApplicationContext(DefaultTestContext.java:101) ~[spring-test-4.0.0.RELEASE.jar:4.0.0.RELEASE]
	at org.springframework.test.context.support.DependencyInjectionTestExecutionListener.injectDependencies(DependencyInjectionTestExecutionListener.java:109) ~[spring-test-4.0.0.RELEASE.jar:4.0.0.RELEASE]
	at org.springframework.test.context.support.DependencyInjectionTestExecutionListener.prepareTestInstance(DependencyInjectionTestExecutionListener.java:75) ~[spring-test-4.0.0.RELEASE.jar:4.0.0.RELEASE]
	at org.springframework.test.context.TestContextManager.prepareTestInstance(TestContextManager.java:326) ~[spring-test-4.0.0.RELEASE.jar:4.0.0.RELEASE]
	at org.springframework.test.context.junit4.SpringJUnit4ClassRunner.createTest(SpringJUnit4ClassRunner.java:212) ~[spring-test-4.0.0.RELEASE.jar:4.0.0.RELEASE]
	at org.springframework.test.context.junit4.SpringJUnit4ClassRunner$1.runReflectiveCall(SpringJUnit4ClassRunner.java:289) ~[spring-test-4.0.0.RELEASE.jar:4.0.0.RELEASE]
	at org.junit.internal.runners.model.ReflectiveCallable.run(ReflectiveCallable.java:12) ~[junit-4.11.jar:na]
	at org.springframework.test.context.junit4.SpringJUnit4ClassRunner.methodBlock(SpringJUnit4ClassRunner.java:291) ~[spring-test-4.0.0.RELEASE.jar:4.0.0.RELEASE]
	at org.springframework.test.context.junit4.SpringJUnit4ClassRunner.runChild(SpringJUnit4ClassRunner.java:232) ~[spring-test-4.0.0.RELEASE.jar:4.0.0.RELEASE]
	at org.springframework.test.context.junit4.SpringJUnit4ClassRunner.runChild(SpringJUnit4ClassRunner.java:89) ~[spring-test-4.0.0.RELEASE.jar:4.0.0.RELEASE]
	at org.junit.runners.ParentRunner$3.run(ParentRunner.java:238) ~[junit-4.11.jar:na]
	at org.junit.runners.ParentRunner$1.schedule(ParentRunner.java:63) ~[junit-4.11.jar:na]
	at org.junit.runners.ParentRunner.runChildren(ParentRunner.java:236) ~[junit-4.11.jar:na]
	at org.junit.runners.ParentRunner.access$000(ParentRunner.java:53) ~[junit-4.11.jar:na]
	at org.junit.runners.ParentRunner$2.evaluate(ParentRunner.java:229) ~[junit-4.11.jar:na]
	at org.springframework.test.context.junit4.statements.RunBeforeTestClassCallbacks.evaluate(RunBeforeTestClassCallbacks.java:61) ~[spring-test-4.0.0.RELEASE.jar:4.0.0.RELEASE]
	at org.springframework.test.context.junit4.statements.RunAfterTestClassCallbacks.evaluate(RunAfterTestClassCallbacks.java:71) ~[spring-test-4.0.0.RELEASE.jar:4.0.0.RELEASE]
	at org.junit.runners.ParentRunner.run(ParentRunner.java:309) ~[junit-4.11.jar:na]
	at org.springframework.test.context.junit4.SpringJUnit4ClassRunner.run(SpringJUnit4ClassRunner.java:175) ~[spring-test-4.0.0.RELEASE.jar:4.0.0.RELEASE]
	at org.apache.maven.surefire.junit4.JUnit4TestSet.execute(JUnit4TestSet.java:53) ~[na:na]
	at org.apache.maven.surefire.junit4.JUnit4Provider.executeTestSet(JUnit4Provider.java:123) ~[na:na]
	at org.apache.maven.surefire.junit4.JUnit4Provider.invoke(JUnit4Provider.java:104) ~[na:na]
	at sun.reflect.NativeMethodAccessorImpl.invoke0(Native Method) ~[na:1.7.0_25]
	at sun.reflect.NativeMethodAccessorImpl.invoke(Unknown Source) ~[na:1.7.0_25]
	at sun.reflect.DelegatingMethodAccessorImpl.invoke(Unknown Source) ~[na:1.7.0_25]
	at java.lang.reflect.Method.invoke(Unknown Source) ~[na:1.7.0_25]
	at org.apache.maven.surefire.util.ReflectionUtils.invokeMethodWithArray(ReflectionUtils.java:164) ~[surefire-api-2.10.jar:2.10]
	at org.apache.maven.surefire.booter.ProviderFactory$ProviderProxy.invoke(ProviderFactory.java:110) ~[surefire-booter-2.10.jar:2.10]
	at org.apache.maven.surefire.booter.SurefireStarter.invokeProvider(SurefireStarter.java:175) ~[surefire-booter-2.10.jar:2.10]
	at org.apache.maven.surefire.booter.SurefireStarter.runSuitesInProcessWhenForked(SurefireStarter.java:107) ~[surefire-booter-2.10.jar:2.10]
	at org.apache.maven.surefire.booter.ForkedBooter.main(ForkedBooter.java:68) ~[surefire-booter-2.10.jar:2.10]
Caused by: org.springframework.beans.factory.BeanCreationException: Error creating bean with name 'entityManagerFactory' defined in class path resource [com/practise/springapp/config/PersistenceConfig.class]: Instantiation of bean failed; nested exception is org.springframework.beans.factory.BeanDefinitionStoreException: Factory method [public org.springframework.orm.jpa.LocalContainerEntityManagerFactoryBean com.practise.springapp.config.PersistenceConfig.entityManagerFactory()] threw exception; nested exception is javax.persistence.PersistenceException: [PersistenceUnit: default] Unable to build EntityManagerFactory
	at org.springframework.beans.factory.support.ConstructorResolver.instantiateUsingFactoryMethod(ConstructorResolver.java:592) ~[spring-beans-4.0.0.RELEASE.jar:4.0.0.RELEASE]
	at org.springframework.beans.factory.support.AbstractAutowireCapableBeanFactory.instantiateUsingFactoryMethod(AbstractAutowireCapableBeanFactory.java:1094) ~[spring-beans-4.0.0.RELEASE.jar:4.0.0.RELEASE]
	at org.springframework.beans.factory.support.AbstractAutowireCapableBeanFactory.createBeanInstance(AbstractAutowireCapableBeanFactory.java:989) ~[spring-beans-4.0.0.RELEASE.jar:4.0.0.RELEASE]
	at org.springframework.beans.factory.support.AbstractAutowireCapableBeanFactory.doCreateBean(AbstractAutowireCapableBeanFactory.java:504) ~[spring-beans-4.0.0.RELEASE.jar:4.0.0.RELEASE]
	at org.springframework.beans.factory.support.AbstractAutowireCapableBeanFactory.createBean(AbstractAutowireCapableBeanFactory.java:475) ~[spring-beans-4.0.0.RELEASE.jar:4.0.0.RELEASE]
	at org.springframework.beans.factory.support.AbstractBeanFactory$1.getObject(AbstractBeanFactory.java:304) ~[spring-beans-4.0.0.RELEASE.jar:4.0.0.RELEASE]
	at org.springframework.beans.factory.support.DefaultSingletonBeanRegistry.getSingleton(DefaultSingletonBeanRegistry.java:228) ~[spring-beans-4.0.0.RELEASE.jar:4.0.0.RELEASE]
	at org.springframework.beans.factory.support.AbstractBeanFactory.doGetBean(AbstractBeanFactory.java:300) ~[spring-beans-4.0.0.RELEASE.jar:4.0.0.RELEASE]
	at org.springframework.beans.factory.support.AbstractBeanFactory.getBean(AbstractBeanFactory.java:195) ~[spring-beans-4.0.0.RELEASE.jar:4.0.0.RELEASE]
	at org.springframework.context.support.AbstractApplicationContext.getBean(AbstractApplicationContext.java:973) ~[spring-context-4.0.0.RELEASE.jar:4.0.0.RELEASE]
	at org.springframework.context.support.AbstractApplicationContext.finishBeanFactoryInitialization(AbstractApplicationContext.java:750) ~[spring-context-4.0.0.RELEASE.jar:4.0.0.RELEASE]
	at org.springframework.context.support.AbstractApplicationContext.refresh(AbstractApplicationContext.java:482) ~[spring-context-4.0.0.RELEASE.jar:4.0.0.RELEASE]
	at org.springframework.test.context.support.AbstractGenericContextLoader.loadContext(AbstractGenericContextLoader.java:121) ~[spring-test-4.0.0.RELEASE.jar:4.0.0.RELEASE]
	at org.springframework.test.context.support.AbstractGenericContextLoader.loadContext(AbstractGenericContextLoader.java:60) ~[spring-test-4.0.0.RELEASE.jar:4.0.0.RELEASE]
	at org.springframework.test.context.support.AbstractDelegatingSmartContextLoader.delegateLoading(AbstractDelegatingSmartContextLoader.java:100) ~[spring-test-4.0.0.RELEASE.jar:4.0.0.RELEASE]
	at org.springframework.test.context.support.AbstractDelegatingSmartContextLoader.loadContext(AbstractDelegatingSmartContextLoader.java:250) ~[spring-test-4.0.0.RELEASE.jar:4.0.0.RELEASE]
	at org.springframework.test.context.CacheAwareContextLoaderDelegate.loadContextInternal(CacheAwareContextLoaderDelegate.java:64) ~[spring-test-4.0.0.RELEASE.jar:4.0.0.RELEASE]
	at org.springframework.test.context.CacheAwareContextLoaderDelegate.loadContext(CacheAwareContextLoaderDelegate.java:91) ~[spring-test-4.0.0.RELEASE.jar:4.0.0.RELEASE]
	... 31 common frames omitted
Caused by: org.springframework.beans.factory.BeanDefinitionStoreException: Factory method [public org.springframework.orm.jpa.LocalContainerEntityManagerFactoryBean com.practise.springapp.config.PersistenceConfig.entityManagerFactory()] threw exception; nested exception is javax.persistence.PersistenceException: [PersistenceUnit: default] Unable to build EntityManagerFactory
	at org.springframework.beans.factory.support.SimpleInstantiationStrategy.instantiate(SimpleInstantiationStrategy.java:188) ~[spring-beans-4.0.0.RELEASE.jar:4.0.0.RELEASE]
	at org.springframework.beans.factory.support.ConstructorResolver.instantiateUsingFactoryMethod(ConstructorResolver.java:581) ~[spring-beans-4.0.0.RELEASE.jar:4.0.0.RELEASE]
	... 48 common frames omitted
Caused by: javax.persistence.PersistenceException: [PersistenceUnit: default] Unable to build EntityManagerFactory
	at org.hibernate.ejb.Ejb3Configuration.buildEntityManagerFactory(Ejb3Configuration.java:924) ~[hibernate-entitymanager-4.2.6.Final.jar:4.2.6.Final]
	at org.hibernate.ejb.Ejb3Configuration.buildEntityManagerFactory(Ejb3Configuration.java:899) ~[hibernate-entitymanager-4.2.6.Final.jar:4.2.6.Final]
	at org.hibernate.ejb.HibernatePersistence.createContainerEntityManagerFactory(HibernatePersistence.java:76) ~[hibernate-entitymanager-4.2.6.Final.jar:4.2.6.Final]
	at org.springframework.orm.jpa.LocalContainerEntityManagerFactoryBean.createNativeEntityManagerFactory(LocalContainerEntityManagerFactoryBean.java:318) ~[spring-orm-4.0.0.RELEASE.jar:4.0.0.RELEASE]
	at org.springframework.orm.jpa.AbstractEntityManagerFactoryBean.afterPropertiesSet(AbstractEntityManagerFactoryBean.java:318) ~[spring-orm-4.0.0.RELEASE.jar:4.0.0.RELEASE]
	at com.practise.springapp.config.PersistenceConfig.entityManagerFactory(PersistenceConfig.java:69) ~[classes/:na]
	at com.practise.springapp.config.PersistenceConfig$$EnhancerByCGLIB$$b5a68c93.CGLIB$entityManagerFactory$0(<generated>) ~[spring-core-4.0.0.RELEASE.jar:na]
	at com.practise.springapp.config.PersistenceConfig$$EnhancerByCGLIB$$b5a68c93$$FastClassByCGLIB$$ce48860e.invoke(<generated>) ~[spring-core-4.0.0.RELEASE.jar:na]
	at org.springframework.cglib.proxy.MethodProxy.invokeSuper(MethodProxy.java:228) ~[spring-core-4.0.0.RELEASE.jar:4.0.0.RELEASE]
	at org.springframework.context.annotation.ConfigurationClassEnhancer$BeanMethodInterceptor.intercept(ConfigurationClassEnhancer.java:326) ~[spring-context-4.0.0.RELEASE.jar:4.0.0.RELEASE]
	at com.practise.springapp.config.PersistenceConfig$$EnhancerByCGLIB$$b5a68c93.entityManagerFactory(<generated>) ~[spring-core-4.0.0.RELEASE.jar:na]
	at sun.reflect.NativeMethodAccessorImpl.invoke0(Native Method) ~[na:1.7.0_25]
	at sun.reflect.NativeMethodAccessorImpl.invoke(Unknown Source) ~[na:1.7.0_25]
	at sun.reflect.DelegatingMethodAccessorImpl.invoke(Unknown Source) ~[na:1.7.0_25]
	at java.lang.reflect.Method.invoke(Unknown Source) ~[na:1.7.0_25]
	at org.springframework.beans.factory.support.SimpleInstantiationStrategy.instantiate(SimpleInstantiationStrategy.java:166) ~[spring-beans-4.0.0.RELEASE.jar:4.0.0.RELEASE]
	... 49 common frames omitted
Caused by: org.hibernate.HibernateException: Connection cannot be null when 'hibernate.dialect' not set
	at org.hibernate.service.jdbc.dialect.internal.DialectFactoryImpl.determineDialect(DialectFactoryImpl.java:98) ~[hibernate-core-4.2.6.Final.jar:4.2.6.Final]
	at org.hibernate.service.jdbc.dialect.internal.DialectFactoryImpl.buildDialect(DialectFactoryImpl.java:68) ~[hibernate-core-4.2.6.Final.jar:4.2.6.Final]
	at org.hibernate.engine.jdbc.internal.JdbcServicesImpl.configure(JdbcServicesImpl.java:170) ~[hibernate-core-4.2.6.Final.jar:4.2.6.Final]
	at org.hibernate.service.internal.StandardServiceRegistryImpl.configureService(StandardServiceRegistryImpl.java:76) ~[hibernate-core-4.2.6.Final.jar:4.2.6.Final]
	at org.hibernate.service.internal.AbstractServiceRegistryImpl.initializeService(AbstractServiceRegistryImpl.java:160) ~[hibernate-core-4.2.6.Final.jar:4.2.6.Final]
	at org.hibernate.service.internal.AbstractServiceRegistryImpl.getService(AbstractServiceRegistryImpl.java:132) ~[hibernate-core-4.2.6.Final.jar:4.2.6.Final]
	at org.hibernate.cfg.Configuration.buildTypeRegistrations(Configuration.java:1818) ~[hibernate-core-4.2.6.Final.jar:4.2.6.Final]
	at org.hibernate.cfg.Configuration.buildSessionFactory(Configuration.java:1776) ~[hibernate-core-4.2.6.Final.jar:4.2.6.Final]
	at org.hibernate.ejb.EntityManagerFactoryImpl.<init>(EntityManagerFactoryImpl.java:96) ~[hibernate-entitymanager-4.2.6.Final.jar:4.2.6.Final]
	at org.hibernate.ejb.Ejb3Configuration.buildEntityManagerFactory(Ejb3Configuration.java:914) ~[hibernate-entitymanager-4.2.6.Final.jar:4.2.6.Final]
	... 64 common frames omitted
2016-01-29 15:47:06,252 INFO [main] o.s.c.s.GenericApplicationContext [AbstractApplicationContext.java:513] Refreshing org.springframework.context.support.GenericApplicationContext@4bb3bbb8: startup date [Fri Jan 29 15:47:06 IST 2016]; root of context hierarchy
2016-01-29 15:47:06,330 INFO [main] o.s.c.s.PostProcessorRegistrationDelegate$BeanPostProcessorChecker [PostProcessorRegistrationDelegate.java:309] Bean 'org.springframework.scheduling.annotation.SchedulingConfiguration' of type [class org.springframework.scheduling.annotation.SchedulingConfiguration$$EnhancerByCGLIB$$87f1ce4] is not eligible for getting processed by all BeanPostProcessors (for example: not eligible for auto-proxying)
2016-01-29 15:47:06,385 INFO [main] o.s.o.j.LocalContainerEntityManagerFactoryBean [LocalContainerEntityManagerFactoryBean.java:314] Building JPA container EntityManagerFactory for persistence unit 'default'
2016-01-29 15:47:06,386 INFO [main] o.h.e.Ejb3Configuration [Ejb3Configuration.java:529] HHH000204: Processing PersistenceUnitInfo [
	name: default
	...]
2016-01-29 15:47:06,388 INFO [main] o.h.s.j.c.i.ConnectionProviderInitiator [ConnectionProviderInitiator.java:188] HHH000130: Instantiating explicit connection provider: org.hibernate.ejb.connection.InjectedDataSourceConnectionProvider
2016-01-29 15:47:08,391 WARN [main] o.h.e.j.i.JdbcServicesImpl [JdbcServicesImpl.java:169] HHH000342: Could not obtain connection to query metadata : Cannot create PoolableConnectionFactory (Communications link failure

The last packet sent successfully to the server was 0 milliseconds ago. The driver has not received any packets from the server.)
2016-01-29 15:47:08,397 ERROR [main] o.s.t.c.TestContextManager [TestContextManager.java:329] Caught exception while allowing TestExecutionListener [org.springframework.test.context.support.DependencyInjectionTestExecutionListener@3c5be9bc] to prepare test instance [com.practise.springapp.UserServiceTest@2e94018b]
java.lang.IllegalStateException: Failed to load ApplicationContext
	at org.springframework.test.context.CacheAwareContextLoaderDelegate.loadContext(CacheAwareContextLoaderDelegate.java:99) ~[spring-test-4.0.0.RELEASE.jar:4.0.0.RELEASE]
	at org.springframework.test.context.DefaultTestContext.getApplicationContext(DefaultTestContext.java:101) ~[spring-test-4.0.0.RELEASE.jar:4.0.0.RELEASE]
	at org.springframework.test.context.support.DependencyInjectionTestExecutionListener.injectDependencies(DependencyInjectionTestExecutionListener.java:109) ~[spring-test-4.0.0.RELEASE.jar:4.0.0.RELEASE]
	at org.springframework.test.context.support.DependencyInjectionTestExecutionListener.prepareTestInstance(DependencyInjectionTestExecutionListener.java:75) ~[spring-test-4.0.0.RELEASE.jar:4.0.0.RELEASE]
	at org.springframework.test.context.TestContextManager.prepareTestInstance(TestContextManager.java:326) ~[spring-test-4.0.0.RELEASE.jar:4.0.0.RELEASE]
	at org.springframework.test.context.junit4.SpringJUnit4ClassRunner.createTest(SpringJUnit4ClassRunner.java:212) ~[spring-test-4.0.0.RELEASE.jar:4.0.0.RELEASE]
	at org.springframework.test.context.junit4.SpringJUnit4ClassRunner$1.runReflectiveCall(SpringJUnit4ClassRunner.java:289) ~[spring-test-4.0.0.RELEASE.jar:4.0.0.RELEASE]
	at org.junit.internal.runners.model.ReflectiveCallable.run(ReflectiveCallable.java:12) ~[junit-4.11.jar:na]
	at org.springframework.test.context.junit4.SpringJUnit4ClassRunner.methodBlock(SpringJUnit4ClassRunner.java:291) ~[spring-test-4.0.0.RELEASE.jar:4.0.0.RELEASE]
	at org.springframework.test.context.junit4.SpringJUnit4ClassRunner.runChild(SpringJUnit4ClassRunner.java:232) ~[spring-test-4.0.0.RELEASE.jar:4.0.0.RELEASE]
	at org.springframework.test.context.junit4.SpringJUnit4ClassRunner.runChild(SpringJUnit4ClassRunner.java:89) ~[spring-test-4.0.0.RELEASE.jar:4.0.0.RELEASE]
	at org.junit.runners.ParentRunner$3.run(ParentRunner.java:238) ~[junit-4.11.jar:na]
	at org.junit.runners.ParentRunner$1.schedule(ParentRunner.java:63) ~[junit-4.11.jar:na]
	at org.junit.runners.ParentRunner.runChildren(ParentRunner.java:236) ~[junit-4.11.jar:na]
	at org.junit.runners.ParentRunner.access$000(ParentRunner.java:53) ~[junit-4.11.jar:na]
	at org.junit.runners.ParentRunner$2.evaluate(ParentRunner.java:229) ~[junit-4.11.jar:na]
	at org.springframework.test.context.junit4.statements.RunBeforeTestClassCallbacks.evaluate(RunBeforeTestClassCallbacks.java:61) ~[spring-test-4.0.0.RELEASE.jar:4.0.0.RELEASE]
	at org.springframework.test.context.junit4.statements.RunAfterTestClassCallbacks.evaluate(RunAfterTestClassCallbacks.java:71) ~[spring-test-4.0.0.RELEASE.jar:4.0.0.RELEASE]
	at org.junit.runners.ParentRunner.run(ParentRunner.java:309) ~[junit-4.11.jar:na]
	at org.springframework.test.context.junit4.SpringJUnit4ClassRunner.run(SpringJUnit4ClassRunner.java:175) ~[spring-test-4.0.0.RELEASE.jar:4.0.0.RELEASE]
	at org.apache.maven.surefire.junit4.JUnit4TestSet.execute(JUnit4TestSet.java:53) ~[na:na]
	at org.apache.maven.surefire.junit4.JUnit4Provider.executeTestSet(JUnit4Provider.java:123) ~[na:na]
	at org.apache.maven.surefire.junit4.JUnit4Provider.invoke(JUnit4Provider.java:104) ~[na:na]
	at sun.reflect.NativeMethodAccessorImpl.invoke0(Native Method) ~[na:1.7.0_25]
	at sun.reflect.NativeMethodAccessorImpl.invoke(Unknown Source) ~[na:1.7.0_25]
	at sun.reflect.DelegatingMethodAccessorImpl.invoke(Unknown Source) ~[na:1.7.0_25]
	at java.lang.reflect.Method.invoke(Unknown Source) ~[na:1.7.0_25]
	at org.apache.maven.surefire.util.ReflectionUtils.invokeMethodWithArray(ReflectionUtils.java:164) ~[surefire-api-2.10.jar:2.10]
	at org.apache.maven.surefire.booter.ProviderFactory$ProviderProxy.invoke(ProviderFactory.java:110) ~[surefire-booter-2.10.jar:2.10]
	at org.apache.maven.surefire.booter.SurefireStarter.invokeProvider(SurefireStarter.java:175) ~[surefire-booter-2.10.jar:2.10]
	at org.apache.maven.surefire.booter.SurefireStarter.runSuitesInProcessWhenForked(SurefireStarter.java:107) ~[surefire-booter-2.10.jar:2.10]
	at org.apache.maven.surefire.booter.ForkedBooter.main(ForkedBooter.java:68) ~[surefire-booter-2.10.jar:2.10]
Caused by: org.springframework.beans.factory.BeanCreationException: Error creating bean with name 'entityManagerFactory' defined in class path resource [com/practise/springapp/config/PersistenceConfig.class]: Instantiation of bean failed; nested exception is org.springframework.beans.factory.BeanDefinitionStoreException: Factory method [public org.springframework.orm.jpa.LocalContainerEntityManagerFactoryBean com.practise.springapp.config.PersistenceConfig.entityManagerFactory()] threw exception; nested exception is javax.persistence.PersistenceException: [PersistenceUnit: default] Unable to build EntityManagerFactory
	at org.springframework.beans.factory.support.ConstructorResolver.instantiateUsingFactoryMethod(ConstructorResolver.java:592) ~[spring-beans-4.0.0.RELEASE.jar:4.0.0.RELEASE]
	at org.springframework.beans.factory.support.AbstractAutowireCapableBeanFactory.instantiateUsingFactoryMethod(AbstractAutowireCapableBeanFactory.java:1094) ~[spring-beans-4.0.0.RELEASE.jar:4.0.0.RELEASE]
	at org.springframework.beans.factory.support.AbstractAutowireCapableBeanFactory.createBeanInstance(AbstractAutowireCapableBeanFactory.java:989) ~[spring-beans-4.0.0.RELEASE.jar:4.0.0.RELEASE]
	at org.springframework.beans.factory.support.AbstractAutowireCapableBeanFactory.doCreateBean(AbstractAutowireCapableBeanFactory.java:504) ~[spring-beans-4.0.0.RELEASE.jar:4.0.0.RELEASE]
	at org.springframework.beans.factory.support.AbstractAutowireCapableBeanFactory.createBean(AbstractAutowireCapableBeanFactory.java:475) ~[spring-beans-4.0.0.RELEASE.jar:4.0.0.RELEASE]
	at org.springframework.beans.factory.support.AbstractBeanFactory$1.getObject(AbstractBeanFactory.java:304) ~[spring-beans-4.0.0.RELEASE.jar:4.0.0.RELEASE]
	at org.springframework.beans.factory.support.DefaultSingletonBeanRegistry.getSingleton(DefaultSingletonBeanRegistry.java:228) ~[spring-beans-4.0.0.RELEASE.jar:4.0.0.RELEASE]
	at org.springframework.beans.factory.support.AbstractBeanFactory.doGetBean(AbstractBeanFactory.java:300) ~[spring-beans-4.0.0.RELEASE.jar:4.0.0.RELEASE]
	at org.springframework.beans.factory.support.AbstractBeanFactory.getBean(AbstractBeanFactory.java:195) ~[spring-beans-4.0.0.RELEASE.jar:4.0.0.RELEASE]
	at org.springframework.context.support.AbstractApplicationContext.getBean(AbstractApplicationContext.java:973) ~[spring-context-4.0.0.RELEASE.jar:4.0.0.RELEASE]
	at org.springframework.context.support.AbstractApplicationContext.finishBeanFactoryInitialization(AbstractApplicationContext.java:750) ~[spring-context-4.0.0.RELEASE.jar:4.0.0.RELEASE]
	at org.springframework.context.support.AbstractApplicationContext.refresh(AbstractApplicationContext.java:482) ~[spring-context-4.0.0.RELEASE.jar:4.0.0.RELEASE]
	at org.springframework.test.context.support.AbstractGenericContextLoader.loadContext(AbstractGenericContextLoader.java:121) ~[spring-test-4.0.0.RELEASE.jar:4.0.0.RELEASE]
	at org.springframework.test.context.support.AbstractGenericContextLoader.loadContext(AbstractGenericContextLoader.java:60) ~[spring-test-4.0.0.RELEASE.jar:4.0.0.RELEASE]
	at org.springframework.test.context.support.AbstractDelegatingSmartContextLoader.delegateLoading(AbstractDelegatingSmartContextLoader.java:100) ~[spring-test-4.0.0.RELEASE.jar:4.0.0.RELEASE]
	at org.springframework.test.context.support.AbstractDelegatingSmartContextLoader.loadContext(AbstractDelegatingSmartContextLoader.java:250) ~[spring-test-4.0.0.RELEASE.jar:4.0.0.RELEASE]
	at org.springframework.test.context.CacheAwareContextLoaderDelegate.loadContextInternal(CacheAwareContextLoaderDelegate.java:64) ~[spring-test-4.0.0.RELEASE.jar:4.0.0.RELEASE]
	at org.springframework.test.context.CacheAwareContextLoaderDelegate.loadContext(CacheAwareContextLoaderDelegate.java:91) ~[spring-test-4.0.0.RELEASE.jar:4.0.0.RELEASE]
	... 31 common frames omitted
Caused by: org.springframework.beans.factory.BeanDefinitionStoreException: Factory method [public org.springframework.orm.jpa.LocalContainerEntityManagerFactoryBean com.practise.springapp.config.PersistenceConfig.entityManagerFactory()] threw exception; nested exception is javax.persistence.PersistenceException: [PersistenceUnit: default] Unable to build EntityManagerFactory
	at org.springframework.beans.factory.support.SimpleInstantiationStrategy.instantiate(SimpleInstantiationStrategy.java:188) ~[spring-beans-4.0.0.RELEASE.jar:4.0.0.RELEASE]
	at org.springframework.beans.factory.support.ConstructorResolver.instantiateUsingFactoryMethod(ConstructorResolver.java:581) ~[spring-beans-4.0.0.RELEASE.jar:4.0.0.RELEASE]
	... 48 common frames omitted
Caused by: javax.persistence.PersistenceException: [PersistenceUnit: default] Unable to build EntityManagerFactory
	at org.hibernate.ejb.Ejb3Configuration.buildEntityManagerFactory(Ejb3Configuration.java:924) ~[hibernate-entitymanager-4.2.6.Final.jar:4.2.6.Final]
	at org.hibernate.ejb.Ejb3Configuration.buildEntityManagerFactory(Ejb3Configuration.java:899) ~[hibernate-entitymanager-4.2.6.Final.jar:4.2.6.Final]
	at org.hibernate.ejb.HibernatePersistence.createContainerEntityManagerFactory(HibernatePersistence.java:76) ~[hibernate-entitymanager-4.2.6.Final.jar:4.2.6.Final]
	at org.springframework.orm.jpa.LocalContainerEntityManagerFactoryBean.createNativeEntityManagerFactory(LocalContainerEntityManagerFactoryBean.java:318) ~[spring-orm-4.0.0.RELEASE.jar:4.0.0.RELEASE]
	at org.springframework.orm.jpa.AbstractEntityManagerFactoryBean.afterPropertiesSet(AbstractEntityManagerFactoryBean.java:318) ~[spring-orm-4.0.0.RELEASE.jar:4.0.0.RELEASE]
	at com.practise.springapp.config.PersistenceConfig.entityManagerFactory(PersistenceConfig.java:69) ~[classes/:na]
	at com.practise.springapp.config.PersistenceConfig$$EnhancerByCGLIB$$b5a68c93.CGLIB$entityManagerFactory$0(<generated>) ~[spring-core-4.0.0.RELEASE.jar:na]
	at com.practise.springapp.config.PersistenceConfig$$EnhancerByCGLIB$$b5a68c93$$FastClassByCGLIB$$ce48860e.invoke(<generated>) ~[spring-core-4.0.0.RELEASE.jar:na]
	at org.springframework.cglib.proxy.MethodProxy.invokeSuper(MethodProxy.java:228) ~[spring-core-4.0.0.RELEASE.jar:4.0.0.RELEASE]
	at org.springframework.context.annotation.ConfigurationClassEnhancer$BeanMethodInterceptor.intercept(ConfigurationClassEnhancer.java:326) ~[spring-context-4.0.0.RELEASE.jar:4.0.0.RELEASE]
	at com.practise.springapp.config.PersistenceConfig$$EnhancerByCGLIB$$b5a68c93.entityManagerFactory(<generated>) ~[spring-core-4.0.0.RELEASE.jar:na]
	at sun.reflect.NativeMethodAccessorImpl.invoke0(Native Method) ~[na:1.7.0_25]
	at sun.reflect.NativeMethodAccessorImpl.invoke(Unknown Source) ~[na:1.7.0_25]
	at sun.reflect.DelegatingMethodAccessorImpl.invoke(Unknown Source) ~[na:1.7.0_25]
	at java.lang.reflect.Method.invoke(Unknown Source) ~[na:1.7.0_25]
	at org.springframework.beans.factory.support.SimpleInstantiationStrategy.instantiate(SimpleInstantiationStrategy.java:166) ~[spring-beans-4.0.0.RELEASE.jar:4.0.0.RELEASE]
	... 49 common frames omitted
Caused by: org.hibernate.HibernateException: Connection cannot be null when 'hibernate.dialect' not set
	at org.hibernate.service.jdbc.dialect.internal.DialectFactoryImpl.determineDialect(DialectFactoryImpl.java:98) ~[hibernate-core-4.2.6.Final.jar:4.2.6.Final]
	at org.hibernate.service.jdbc.dialect.internal.DialectFactoryImpl.buildDialect(DialectFactoryImpl.java:68) ~[hibernate-core-4.2.6.Final.jar:4.2.6.Final]
	at org.hibernate.engine.jdbc.internal.JdbcServicesImpl.configure(JdbcServicesImpl.java:170) ~[hibernate-core-4.2.6.Final.jar:4.2.6.Final]
	at org.hibernate.service.internal.StandardServiceRegistryImpl.configureService(StandardServiceRegistryImpl.java:76) ~[hibernate-core-4.2.6.Final.jar:4.2.6.Final]
	at org.hibernate.service.internal.AbstractServiceRegistryImpl.initializeService(AbstractServiceRegistryImpl.java:160) ~[hibernate-core-4.2.6.Final.jar:4.2.6.Final]
	at org.hibernate.service.internal.AbstractServiceRegistryImpl.getService(AbstractServiceRegistryImpl.java:132) ~[hibernate-core-4.2.6.Final.jar:4.2.6.Final]
	at org.hibernate.cfg.Configuration.buildTypeRegistrations(Configuration.java:1818) ~[hibernate-core-4.2.6.Final.jar:4.2.6.Final]
	at org.hibernate.cfg.Configuration.buildSessionFactory(Configuration.java:1776) ~[hibernate-core-4.2.6.Final.jar:4.2.6.Final]
	at org.hibernate.ejb.EntityManagerFactoryImpl.<init>(EntityManagerFactoryImpl.java:96) ~[hibernate-entitymanager-4.2.6.Final.jar:4.2.6.Final]
	at org.hibernate.ejb.Ejb3Configuration.buildEntityManagerFactory(Ejb3Configuration.java:914) ~[hibernate-entitymanager-4.2.6.Final.jar:4.2.6.Final]
	... 64 common frames omitted
